#
# A fatal error has been detected by the Java Runtime Environment:
#
#  SIGSEGV (0xb) at pc=0x00007fff7cbeaea9, pid=641, tid=0x000000000000c10b
#
# JRE version: Java(TM) SE Runtime Environment (8.0_181-b13) (build 1.8.0_181-b13)
# Java VM: Java HotSpot(TM) 64-Bit Server VM (25.181-b13 mixed mode bsd-amd64 compressed oops)
# Problematic frame:
# C  [libobjc.A.dylib+0x6ea9]  objc_msgSend+0x29
#
# Failed to write core dump. Core dumps have been disabled. To enable core dumping, try "ulimit -c unlimited" before starting Java again
#
# If you would like to submit a bug report, please visit:
#   http://bugreport.java.com/bugreport/crash.jsp
# The crash happened outside the Java Virtual Machine in native code.
# See problematic frame for where to report the bug.
#

---------------  T H R E A D  ---------------

Current thread (0x00007f9112ab3000):  JavaThread "Java2D Queue Flusher" daemon [_thread_in_native, id=49419, stack(0x0000700001ac1000,0x0000700001bc1000)]

siginfo: si_signo: 11 (SIGSEGV), si_code: 0 (unknown), si_addr: 0x0000000000000000

Registers:
RAX=0x00007f9113ce6000, RBX=0x00007f9116d1fcb0, RCX=0x00007f9113ce6040, RDX=0x0000000119e26b14
RSP=0x0000700001bc0798, RBP=0x0000700001bc07c0, RSI=0x00007fff53bf7da1, RDI=0x00000001018dc9f0
R8 =0x00007f911247a548, R9 =0xffffffff00000000, R10=0x0000000101471188, R11=0xc35dc035fe1dc865
R12=0x00007f9113ce6038, R13=0x0000700001bc08e0, R14=0x00007f9112ab31f8, R15=0x0000000109621350
RIP=0x00007fff7cbeaea9, EFLAGS=0x0000000000010286, ERR=0x0000000000000000
  TRAPNO=0x000000000000000d

Top of Stack: (sp=0x0000700001bc0798)
0x0000700001bc0798:   0000000119e05045 00007f91127cf350
0x0000700001bc07a8:   0000000000000000 00007f9113cc0410
0x0000700001bc07b8:   00007f9112ab3000 0000700001bc0840
0x0000700001bc07c8:   0000000119e265f2 0000700001bc0800
0x0000700001bc07d8:   000000010153bff4 0000000000000064
0x0000700001bc07e8:   0000000000000000 0000000000000064
0x0000700001bc07f8:   00007f911247a1f8 0000700001bc0860
0x0000700001bc0808:   00007f9113cc0420 00007f9100000005
0x0000700001bc0818:   00007f9112ab31f8 000000011d00a628
0x0000700001bc0828:   0000000000000000 0000700001bc0960
0x0000700001bc0838:   00007f9112ab3000 0000700001bc0890
0x0000700001bc0848:   0000000109620eaa 00000007402f7128
0x0000700001bc0858:   00007f9112ab3000 0000700001bc08b0
0x0000700001bc0868:   0000000109598f28 00000007402f7210
0x0000700001bc0878:   00000001095b9d66 00000007402f7210
0x0000700001bc0888:   00000001090f2a90 00000007402f7128
0x0000700001bc0898:   0000000109350eb0 0000700001bc08e0
0x0000700001bc08a8:   000000011d00b428 0000700001bc0938
0x0000700001bc08b8:   00000001090f32bd 0000700001bc0938
0x0000700001bc08c8:   00000001090f32bd 0000000000000064
0x0000700001bc08d8:   00000001090f32bd 00000007402f7128
0x0000700001bc08e8:   0000000000000001 00000007402f7210
0x0000700001bc08f8:   0000700001bc08e8 000000011d00de51
0x0000700001bc0908:   0000700001bc0960 000000011d00dfe8
0x0000700001bc0918:   000000018c047f68 000000011d00df58
0x0000700001bc0928:   0000700001bc08e0 0000700001bc0960
0x0000700001bc0938:   0000700001bc09d0 00000001090eb7a7
0x0000700001bc0948:   0000000000000000 0000000000000000
0x0000700001bc0958:   deaddeaf00000000 00000007402f7210
0x0000700001bc0968:   00000007424f1060 0000700000001fa0
0x0000700001bc0978:   000000000000000a 00007f9112ab3000
0x0000700001bc0988:   0000000000000001 00000001090eb71f 

Instructions: (pc=0x00007fff7cbeaea9)
0x00007fff7cbeae89:   01 2e 75 66 49 ba f8 ff ff ff ff 7f 00 00 4c 23
0x00007fff7cbeae99:   17 49 89 f3 45 23 5a 18 49 c1 e3 04 4d 03 5a 10
0x00007fff7cbeaea9:   49 3b 33 75 04 41 ff 63 08 49 83 3b 01 76 0d 49
0x00007fff7cbeaeb9:   83 c3 10 49 3b 33 75 f1 41 ff 63 08 72 64 4d 8b 

Register to memory mapping:

RAX=0x00007f9113ce6000 is an unknown value
RBX=0x00007f9116d1fcb0 is an unknown value
RCX=0x00007f9113ce6040 is an unknown value
RDX=0x0000000119e26b14: Java_sun_java2d_opengl_OGLRenderQueue_flushBuffer+0xb5c in /Library/Java/JavaVirtualMachines/jdk1.8.0_181.jdk/Contents/Home/jre/lib/libawt_lwawt.dylib at 0x0000000119de9000
RSP=0x0000700001bc0798 is pointing into the stack for thread: 0x00007f9112ab3000
RBP=0x0000700001bc07c0 is pointing into the stack for thread: 0x00007f9112ab3000
RSI=0x00007fff53bf7da1: .str.41.llvm.C4DC25C8+0x3c2e4 in /System/Library/Frameworks/AppKit.framework/Versions/C/AppKit at 0x00007fff52f25000
RDI=0x00000001018dc9f0: _ZTV7nmethod+0x10 in /Library/Java/JavaVirtualMachines/jdk1.8.0_181.jdk/Contents/Home/jre/lib/server/libjvm.dylib at 0x0000000101000000
R8 =0x00007f911247a548 is an unknown value
R9 =0xffffffff00000000 is an unknown value
R10=0x0000000101471188: _ZNK8CodeBlob14is_buffer_blobEv+0 in /Library/Java/JavaVirtualMachines/jdk1.8.0_181.jdk/Contents/Home/jre/lib/server/libjvm.dylib at 0x0000000101000000
R11=0xc35dc035fe1dc865 is an unknown value
R12=0x00007f9113ce6038 is an unknown value
R13=0x0000700001bc08e0 is pointing into the stack for thread: 0x00007f9112ab3000
R14=0x00007f9112ab31f8 is an unknown value
R15=0x0000000109621350 is at entry_point+-528 in (nmethod*)0x0000000109621350


Stack: [0x0000700001ac1000,0x0000700001bc1000],  sp=0x0000700001bc0798,  free space=1021k
Native frames: (J=compiled Java code, j=interpreted, Vv=VM code, C=native code)
C  [libobjc.A.dylib+0x6ea9]  objc_msgSend+0x29
C  [libawt_lwawt.dylib+0x3d5f2]  Java_sun_java2d_opengl_OGLRenderQueue_flushBuffer+0x63a
J 1691  sun.java2d.opengl.OGLRenderQueue.flushBuffer(JI)V (0 bytes) @ 0x0000000109620eaa [0x0000000109620e00+0xaa]
J 2659 C2 sun.java2d.opengl.OGLRenderQueue.access$100(Lsun/java2d/opengl/OGLRenderQueue;)V (5 bytes) @ 0x0000000109350eb0 [0x0000000109350e80+0x30]
j  sun.java2d.opengl.OGLRenderQueue$QueueFlusher.run()V+81
v  ~StubRoutines::call_stub
V  [libjvm.dylib+0x2efcba]
V  [libjvm.dylib+0x2f045e]
V  [libjvm.dylib+0x2f060a]
V  [libjvm.dylib+0x34aef9]
V  [libjvm.dylib+0x56fa7f]
V  [libjvm.dylib+0x57117a]
V  [libjvm.dylib+0x48e342]
C  [libsystem_pthread.dylib+0x3661]  _pthread_body+0x154
C  [libsystem_pthread.dylib+0x350d]  _pthread_body+0x0
C  [libsystem_pthread.dylib+0x2bf9]  thread_start+0xd
C  0x0000000000000000

Java frames: (J=compiled Java code, j=interpreted, Vv=VM code)
J 1691  sun.java2d.opengl.OGLRenderQueue.flushBuffer(JI)V (0 bytes) @ 0x0000000109620e38 [0x0000000109620e00+0x38]
J 2659 C2 sun.java2d.opengl.OGLRenderQueue.access$100(Lsun/java2d/opengl/OGLRenderQueue;)V (5 bytes) @ 0x0000000109350eb0 [0x0000000109350e80+0x30]
j  sun.java2d.opengl.OGLRenderQueue$QueueFlusher.run()V+81
v  ~StubRoutines::call_stub

---------------  P R O C E S S  ---------------

Java Threads: ( => current thread )
  0x00007f9113a32800 JavaThread "TimerQueue" daemon [_thread_blocked, id=72715, stack(0x0000700001e4d000,0x0000700001f4d000)]
  0x00007f9114435800 JavaThread "AWT-EventQueue-0" [_thread_blocked, id=77327, stack(0x0000700001cc7000,0x0000700001dc7000)]
  0x00007f9113ca4000 JavaThread "Java2D Disposer" daemon [_thread_blocked, id=49683, stack(0x0000700001bc4000,0x0000700001cc4000)]
=>0x00007f9112ab3000 JavaThread "Java2D Queue Flusher" daemon [_thread_in_native, id=49419, stack(0x0000700001ac1000,0x0000700001bc1000)]
  0x00007f9113104000 JavaThread "AWT-Shutdown" [_thread_blocked, id=39467, stack(0x0000700001835000,0x0000700001935000)]
  0x00007f91141d5800 JavaThread "AppKit Thread" daemon [_thread_in_native, id=775, stack(0x00007ffeeee06000,0x00007ffeef606000)]
  0x00007f9113020800 JavaThread "Service Thread" daemon [_thread_blocked, id=16387, stack(0x000070000152c000,0x000070000162c000)]
  0x00007f9113016000 JavaThread "C1 CompilerThread2" daemon [_thread_blocked, id=16643, stack(0x0000700001429000,0x0000700001529000)]
  0x00007f9113014000 JavaThread "C2 CompilerThread1" daemon [_thread_blocked, id=17155, stack(0x0000700001326000,0x0000700001426000)]
  0x00007f9112818000 JavaThread "C2 CompilerThread0" daemon [_thread_blocked, id=12803, stack(0x0000700001223000,0x0000700001323000)]
  0x00007f9112817000 JavaThread "Signal Dispatcher" daemon [_thread_blocked, id=17671, stack(0x0000700001120000,0x0000700001220000)]
  0x00007f9112819000 JavaThread "Finalizer" daemon [_thread_blocked, id=20483, stack(0x0000700000f9a000,0x000070000109a000)]
  0x00007f9113825000 JavaThread "Reference Handler" daemon [_thread_blocked, id=11523, stack(0x0000700000e97000,0x0000700000f97000)]
  0x00007f9113810800 JavaThread "main" [_thread_blocked, id=9987, stack(0x0000700000885000,0x0000700000985000)]

Other Threads:
  0x00007f9113822800 VMThread [stack: 0x0000700000d94000,0x0000700000e94000] [id=21251]
  0x00007f9113800800 WatcherThread [stack: 0x000070000162f000,0x000070000172f000] [id=16131]

VM state:not at safepoint (normal execution)

VM Mutex/Monitor currently owned by a thread: None

Heap:
 PSYoungGen      total 36864K, used 431K [0x0000000795580000, 0x0000000798600000, 0x00000007c0000000)
  eden space 24064K, 1% used [0x0000000795580000,0x00000007955ebda0,0x0000000796d00000)
  from space 12800K, 0% used [0x0000000797980000,0x0000000797980000,0x0000000798600000)
  to   space 12800K, 0% used [0x0000000796d00000,0x0000000796d00000,0x0000000797980000)
 ParOldGen       total 60928K, used 19955K [0x0000000740000000, 0x0000000743b80000, 0x0000000795580000)
  object space 60928K, 32% used [0x0000000740000000,0x000000074137cc50,0x0000000743b80000)
 Metaspace       used 16672K, capacity 17468K, committed 17792K, reserved 1064960K
  class space    used 2105K, capacity 2298K, committed 2432K, reserved 1048576K

Card table byte_map: [0x0000000102374000,0x0000000102775000] byte_map_base: 0x00000000fe974000

Marking Bits: (ParMarkBitMap*) 0x00000001018f9cd0
 Begin Bits: [0x0000000102a20000, 0x0000000104a20000)
 End Bits:   [0x0000000104a20000, 0x0000000106a20000)

Polling page: 0x0000000100677000

CodeCache: size=245760Kb used=7830Kb max_used=8365Kb free=237929Kb
 bounds [0x00000001090eb000, 0x000000010993b000, 0x00000001180eb000]
 total_blobs=2880 nmethods=2311 adapters=482
 compilation: enabled

Compilation events (10 events):
Event: 5961.804 Thread 0x00007f9113016000 2803 %     3       java.lang.ref.Reference$ReferenceHandler::run @ 0 (8 bytes)
Event: 5961.805 Thread 0x00007f9113016000 nmethod 2803% 0x000000010920dcd0 code [0x000000010920de40, 0x000000010920e028]
Event: 5961.805 Thread 0x00007f9113016000 2804       3       java.lang.ref.Reference$ReferenceHandler::run (8 bytes)
Event: 5961.805 Thread 0x00007f9113016000 nmethod 2804 0x000000010965dc10 code [0x000000010965dd80, 0x000000010965df68]
Event: 5961.820 Thread 0x00007f9112818000 2805 %     4       java.lang.ref.Reference$ReferenceHandler::run @ 0 (8 bytes)
Event: 5961.821 Thread 0x00007f9112818000 nmethod 2805% 0x0000000109291ad0 code [0x0000000109291c20, 0x0000000109291ca8]
Event: 5961.832 Thread 0x00007f9113016000 2806 % !   3       sun.java2d.Disposer::run @ 0 (53 bytes)
Event: 5961.832 Thread 0x00007f9113016000 nmethod 2806% 0x0000000109621350 code [0x0000000109621560, 0x0000000109621ff8]
Event: 5961.836 Thread 0x00007f9113016000 2807   !   3       sun.java2d.Disposer::run (53 bytes)
Event: 5961.837 Thread 0x00007f9113016000 nmethod 2807 0x00000001094cab50 code [0x00000001094cad60, 0x00000001094cb7d8]

GC Heap History (10 events):
Event: 5780.338 GC heap before
{Heap before GC invocations=65 (full 0):
 PSYoungGen      total 34816K, used 34400K [0x0000000795580000, 0x0000000798200000, 0x00000007c0000000)
  eden space 24064K, 100% used [0x0000000795580000,0x0000000796d00000,0x0000000796d00000)
  from space 10752K, 96% used [0x0000000797780000,0x0000000798198000,0x0000000798200000)
  to   space 10752K, 0% used [0x0000000796d00000,0x0000000796d00000,0x0000000797780000)
 ParOldGen       total 87552K, used 64953K [0x0000000740000000, 0x0000000745580000, 0x0000000795580000)
  object space 87552K, 74% used [0x0000000740000000,0x0000000743f6e4f0,0x0000000745580000)
 Metaspace       used 16652K, capacity 17504K, committed 17792K, reserved 1064960K
  class space    used 2107K, capacity 2308K, committed 2432K, reserved 1048576K
Event: 5780.345 GC heap after
Heap after GC invocations=65 (full 0):
 PSYoungGen      total 34816K, used 10304K [0x0000000795580000, 0x0000000798200000, 0x00000007c0000000)
  eden space 24064K, 0% used [0x0000000795580000,0x0000000795580000,0x0000000796d00000)
  from space 10752K, 95% used [0x0000000796d00000,0x0000000797710000,0x0000000797780000)
  to   space 10752K, 0% used [0x0000000797780000,0x0000000797780000,0x0000000798200000)
 ParOldGen       total 87552K, used 65057K [0x0000000740000000, 0x0000000745580000, 0x0000000795580000)
  object space 87552K, 74% used [0x0000000740000000,0x0000000743f884f0,0x0000000745580000)
 Metaspace       used 16652K, capacity 17504K, committed 17792K, reserved 1064960K
  class space    used 2107K, capacity 2308K, committed 2432K, reserved 1048576K
}
Event: 5865.149 GC heap before
{Heap before GC invocations=66 (full 0):
 PSYoungGen      total 34816K, used 34368K [0x0000000795580000, 0x0000000798200000, 0x00000007c0000000)
  eden space 24064K, 100% used [0x0000000795580000,0x0000000796d00000,0x0000000796d00000)
  from space 10752K, 95% used [0x0000000796d00000,0x0000000797710000,0x0000000797780000)
  to   space 10752K, 0% used [0x0000000797780000,0x0000000797780000,0x0000000798200000)
 ParOldGen       total 87552K, used 65057K [0x0000000740000000, 0x0000000745580000, 0x0000000795580000)
  object space 87552K, 74% used [0x0000000740000000,0x0000000743f884f0,0x0000000745580000)
 Metaspace       used 16655K, capacity 17504K, committed 17792K, reserved 1064960K
  class space    used 2107K, capacity 2308K, committed 2432K, reserved 1048576K
Event: 5865.156 GC heap after
Heap after GC invocations=66 (full 0):
 PSYoungGen      total 34816K, used 10112K [0x0000000795580000, 0x0000000798200000, 0x00000007c0000000)
  eden space 24064K, 0% used [0x0000000795580000,0x0000000795580000,0x0000000796d00000)
  from space 10752K, 94% used [0x0000000797780000,0x0000000798160010,0x0000000798200000)
  to   space 10752K, 0% used [0x0000000796d00000,0x0000000796d00000,0x0000000797780000)
 ParOldGen       total 87552K, used 65169K [0x0000000740000000, 0x0000000745580000, 0x0000000795580000)
  object space 87552K, 74% used [0x0000000740000000,0x0000000743fa44f0,0x0000000745580000)
 Metaspace       used 16655K, capacity 17504K, committed 17792K, reserved 1064960K
  class space    used 2107K, capacity 2308K, committed 2432K, reserved 1048576K
}
Event: 5902.040 GC heap before
{Heap before GC invocations=67 (full 0):
 PSYoungGen      total 34816K, used 34038K [0x0000000795580000, 0x0000000798200000, 0x00000007c0000000)
  eden space 24064K, 99% used [0x0000000795580000,0x0000000796cdd9d8,0x0000000796d00000)
  from space 10752K, 94% used [0x0000000797780000,0x0000000798160010,0x0000000798200000)
  to   space 10752K, 0% used [0x0000000796d00000,0x0000000796d00000,0x0000000797780000)
 ParOldGen       total 87552K, used 65169K [0x0000000740000000, 0x0000000745580000, 0x0000000795580000)
  object space 87552K, 74% used [0x0000000740000000,0x0000000743fa44f0,0x0000000745580000)
 Metaspace       used 16679K, capacity 17504K, committed 17792K, reserved 1064960K
  class space    used 2111K, capacity 2308K, committed 2432K, reserved 1048576K
Event: 5902.062 GC heap after
Heap after GC invocations=67 (full 0):
 PSYoungGen      total 34816K, used 10720K [0x0000000795580000, 0x0000000798600000, 0x00000007c0000000)
  eden space 24064K, 0% used [0x0000000795580000,0x0000000795580000,0x0000000796d00000)
  from space 10752K, 99% used [0x0000000796d00000,0x0000000797778140,0x0000000797780000)
  to   space 12800K, 0% used [0x0000000797980000,0x0000000797980000,0x0000000798600000)
 ParOldGen       total 87552K, used 70397K [0x0000000740000000, 0x0000000745580000, 0x0000000795580000)
  object space 87552K, 80% used [0x0000000740000000,0x00000007444bf4b0,0x0000000745580000)
 Metaspace       used 16679K, capacity 17504K, committed 17792K, reserved 1064960K
  class space    used 2111K, capacity 2308K, committed 2432K, reserved 1048576K
}
Event: 5961.628 GC heap before
{Heap before GC invocations=68 (full 0):
 PSYoungGen      total 34816K, used 34784K [0x0000000795580000, 0x0000000798600000, 0x00000007c0000000)
  eden space 24064K, 100% used [0x0000000795580000,0x0000000796d00000,0x0000000796d00000)
  from space 10752K, 99% used [0x0000000796d00000,0x0000000797778140,0x0000000797780000)
  to   space 12800K, 0% used [0x0000000797980000,0x0000000797980000,0x0000000798600000)
 ParOldGen       total 87552K, used 70397K [0x0000000740000000, 0x0000000745580000, 0x0000000795580000)
  object space 87552K, 80% used [0x0000000740000000,0x00000007444bf4b0,0x0000000745580000)
 Metaspace       used 16694K, capacity 17504K, committed 17792K, reserved 1064960K
  class space    used 2111K, capacity 2308K, committed 2432K, reserved 1048576K
Event: 5961.648 GC heap after
Heap after GC invocations=68 (full 0):
 PSYoungGen      total 36864K, used 10624K [0x0000000795580000, 0x0000000798600000, 0x00000007c0000000)
  eden space 24064K, 0% used [0x0000000795580000,0x0000000795580000,0x0000000796d00000)
  from space 12800K, 83% used [0x0000000797980000,0x00000007983e0000,0x0000000798600000)
  to   space 12800K, 0% used [0x0000000796d00000,0x0000000796d00000,0x0000000797980000)
 ParOldGen       total 87552K, used 86768K [0x0000000740000000, 0x0000000745580000, 0x0000000795580000)
  object space 87552K, 99% used [0x0000000740000000,0x00000007454bc360,0x0000000745580000)
 Metaspace       used 16694K, capacity 17504K, committed 17792K, reserved 1064960K
  class space    used 2111K, capacity 2308K, committed 2432K, reserved 1048576K
}
Event: 5961.648 GC heap before
{Heap before GC invocations=69 (full 1):
 PSYoungGen      total 36864K, used 10624K [0x0000000795580000, 0x0000000798600000, 0x00000007c0000000)
  eden space 24064K, 0% used [0x0000000795580000,0x0000000795580000,0x0000000796d00000)
  from space 12800K, 83% used [0x0000000797980000,0x00000007983e0000,0x0000000798600000)
  to   space 12800K, 0% used [0x0000000796d00000,0x0000000796d00000,0x0000000797980000)
 ParOldGen       total 87552K, used 86768K [0x0000000740000000, 0x0000000745580000, 0x0000000795580000)
  object space 87552K, 99% used [0x0000000740000000,0x00000007454bc360,0x0000000745580000)
 Metaspace       used 16694K, capacity 17504K, committed 17792K, reserved 1064960K
  class space    used 2111K, capacity 2308K, committed 2432K, reserved 1048576K
Event: 5961.799 GC heap after
Heap after GC invocations=69 (full 1):
 PSYoungGen      total 36864K, used 0K [0x0000000795580000, 0x0000000798600000, 0x00000007c0000000)
  eden space 24064K, 0% used [0x0000000795580000,0x0000000795580000,0x0000000796d00000)
  from space 12800K, 0% used [0x0000000797980000,0x0000000797980000,0x0000000798600000)
  to   space 12800K, 0% used [0x0000000796d00000,0x0000000796d00000,0x0000000797980000)
 ParOldGen       total 60928K, used 19955K [0x0000000740000000, 0x0000000743b80000, 0x0000000795580000)
  object space 60928K, 32% used [0x0000000740000000,0x000000074137cc50,0x0000000743b80000)
 Metaspace       used 16672K, capacity 17468K, committed 17792K, reserved 1064960K
  class space    used 2105K, capacity 2298K, committed 2432K, reserved 1048576K
}

Deoptimization events (10 events):
Event: 5899.968 Thread 0x00007f9114435800 Uncommon trap: reason=class_check action=maybe_recompile pc=0x000000010921cb20 method=sun.awt.image.MultiResolutionCachedImage.getResolutionVariant(II)Ljava/awt/Image; @ 41
Event: 5899.969 Thread 0x00007f9114435800 Uncommon trap: reason=unstable_if action=reinterpret pc=0x00000001098d575c method=sun.java2d.loops.RenderCache.get(Lsun/java2d/loops/SurfaceType;Lsun/java2d/loops/CompositeType;Lsun/java2d/loops/SurfaceType;)Ljava/lang/Object; @ 52
Event: 5899.971 Thread 0x00007f9114435800 Uncommon trap: reason=unstable_if action=reinterpret pc=0x00000001098d6b3c method=javax.swing.RepaintManager.collectDirtyComponents(Ljava/util/Map;Ljava/awt/Component;Ljava/util/List;)V @ 219
Event: 5899.971 Thread 0x00007f9114435800 Uncommon trap: reason=unstable_if action=reinterpret pc=0x0000000109634284 method=java.util.ArrayList.contains(Ljava/lang/Object;)Z @ 5
Event: 5899.992 Thread 0x00007f9114435800 Uncommon trap: reason=class_check action=maybe_recompile pc=0x000000010986a9b4 method=sun.java2d.SurfaceDataProxy.replaceData(Lsun/java2d/SurfaceData;ILsun/java2d/loops/CompositeType;Ljava/awt/Color;)Lsun/java2d/SurfaceData; @ 16
Event: 5901.835 Thread 0x00007f9114435800 Uncommon trap: reason=unstable_if action=reinterpret pc=0x000000010975106c method=java.util.IdentityHashMap.get(Ljava/lang/Object;)Ljava/lang/Object; @ 43
Event: 5901.865 Thread 0x00007f9114435800 Uncommon trap: reason=unstable_if action=reinterpret pc=0x000000010986ae2c method=sun.java2d.StateTrackableDelegate.getStateTracker()Lsun/java2d/StateTracker; @ 6
Event: 5902.064 Thread 0x00007f91141d5800 Uncommon trap: reason=unstable_if action=reinterpret pc=0x00000001091eaf90 method=java.util.concurrent.locks.AbstractQueuedSynchronizer.acquireQueued(Ljava/util/concurrent/locks/AbstractQueuedSynchronizer$Node;I)Z @ 17
Event: 5944.178 Thread 0x00007f9114435800 Uncommon trap: reason=unstable_if action=reinterpret pc=0x0000000109653594 method=sun.awt.image.SurfaceManager.flush(Z)V @ 4
Event: 5961.799 Thread 0x00007f9112ab3000 Uncommon trap: reason=unstable_if action=reinterpret pc=0x00000001096bcf88 method=sun.java2d.opengl.OGLRenderQueue$QueueFlusher.run()V @ 22

Classes redefined (0 events):
No events

Internal exceptions (10 events):
Event: 6.091 Thread 0x00007f9112819000 Exception <a 'java/lang/NullPointerException'> (0x000000079577d2b0) thrown at [/Users/java_re/workspace/8-2-build-macosx-x86_64/jdk8u181/11358/hotspot/src/share/vm/interpreter/linkResolver.cpp, line 1185]
Event: 6.091 Thread 0x00007f9112819000 Exception <a 'java/lang/NullPointerException'> (0x000000079577d4b8) thrown at [/Users/java_re/workspace/8-2-build-macosx-x86_64/jdk8u181/11358/hotspot/src/share/vm/interpreter/linkResolver.cpp, line 1185]
Event: 977.825 Thread 0x00007f9114435800 Implicit null exception at 0x0000000109235af9 to 0x0000000109237015
Event: 1849.607 Thread 0x00007f91141d5800 Implicit null exception at 0x000000010987be7a to 0x000000010987d605
Event: 1849.607 Thread 0x00007f91141d5800 Implicit null exception at 0x000000010920feac to 0x0000000109210085
Event: 1849.628 Thread 0x00007f9114435800 Implicit null exception at 0x000000010939e4d3 to 0x000000010939e521
Event: 1849.693 Thread 0x00007f9114435800 Implicit null exception at 0x00000001097e0227 to 0x00000001097e1275
Event: 1850.206 Thread 0x00007f9114435800 Implicit null exception at 0x00000001097ea7a0 to 0x00000001097ed169
Event: 5899.697 Thread 0x00007f9114435800 Implicit null exception at 0x00000001095d2bbe to 0x00000001095d3ab9
Event: 5944.178 Thread 0x00007f9114435800 Implicit null exception at 0x0000000109650cf4 to 0x000000010965355d

Events (10 events):
Event: 5961.799 Thread 0x00007f9112ab3000 DEOPT PACKING pc=0x00000001096bcf88 sp=0x0000700001bc08f0
Event: 5961.799 Thread 0x00007f9112ab3000 DEOPT UNPACKING pc=0x000000010913073a sp=0x0000700001bc08d0 mode 2
Event: 5961.805 Thread 0x00007f9113016000 flushing nmethod 0x00000001094fe190
Event: 5961.805 Thread 0x00007f9113016000 flushing nmethod 0x0000000109503310
Event: 5961.821 Thread 0x00007f9112818000 flushing nmethod 0x0000000109588a50
Event: 5961.821 Thread 0x00007f9112818000 flushing nmethod 0x000000010958af50
Event: 5961.821 Thread 0x00007f9112818000 flushing nmethod 0x000000010958ed90
Event: 5961.821 Thread 0x00007f9112818000 flushing nmethod 0x00000001095a2690
Event: 5961.822 Thread 0x00007f9112818000 flushing nmethod 0x00000001095ada10
Event: 5961.833 Thread 0x00007f9113016000 flushing nmethod 0x00000001095cf950


Dynamic libraries:
0x00007fff55193000 	/System/Library/Frameworks/Cocoa.framework/Versions/A/Cocoa
0x00007fff617ad000 	/System/Library/Frameworks/Security.framework/Versions/A/Security
0x00007fff53dd5000 	/System/Library/Frameworks/ApplicationServices.framework/Versions/A/ApplicationServices
0x00007fff7d5fa000 	/usr/lib/libz.1.dylib
0x00007fff7b52b000 	/usr/lib/libSystem.B.dylib
0x00007fff7cbe4000 	/usr/lib/libobjc.A.dylib
0x00007fff55946000 	/System/Library/Frameworks/CoreFoundation.framework/Versions/A/CoreFoundation
0x00007fff57aa7000 	/System/Library/Frameworks/Foundation.framework/Versions/C/Foundation
0x00007fff52f25000 	/System/Library/Frameworks/AppKit.framework/Versions/C/AppKit
0x00007fff5550b000 	/System/Library/Frameworks/CoreData.framework/Versions/A/CoreData
0x00007fff74e6b000 	/System/Library/PrivateFrameworks/RemoteViewServices.framework/Versions/A/RemoteViewServices
0x00007fff795d0000 	/System/Library/PrivateFrameworks/UIFoundation.framework/Versions/A/UIFoundation
0x00007fff69c75000 	/System/Library/PrivateFrameworks/DFRFoundation.framework/Versions/A/DFRFoundation
0x00007fff5a113000 	/System/Library/Frameworks/Metal.framework/Versions/A/Metal
0x00007fff69e12000 	/System/Library/PrivateFrameworks/DesktopServicesPriv.framework/Versions/A/DesktopServicesPriv
0x00007fff7c131000 	/usr/lib/libenergytrace.dylib
0x00007fff7763b000 	/System/Library/PrivateFrameworks/SkyLight.framework/Versions/A/SkyLight
0x00007fff55de9000 	/System/Library/Frameworks/CoreGraphics.framework/Versions/A/CoreGraphics
0x00007fff7b526000 	/usr/lib/libScreenReader.dylib
0x00007fff51ebf000 	/System/Library/Frameworks/Accelerate.framework/Versions/A/Accelerate
0x00007fff58221000 	/System/Library/Frameworks/IOSurface.framework/Versions/A/IOSurface
0x00007fff5431f000 	/System/Library/Frameworks/AudioToolbox.framework/Versions/A/AudioToolbox
0x00007fff545af000 	/System/Library/Frameworks/AudioUnit.framework/Versions/A/AudioUnit
0x00007fff69d0d000 	/System/Library/PrivateFrameworks/DataDetectorsCore.framework/Versions/A/DataDetectorsCore
0x00007fff54c86000 	/System/Library/Frameworks/Carbon.framework/Versions/A/Frameworks/HIToolbox.framework/Versions/A/HIToolbox
0x00007fff7c28b000 	/usr/lib/libicucore.A.dylib
0x00007fff60d2b000 	/System/Library/Frameworks/QuartzCore.framework/Versions/A/QuartzCore
0x00007fff768f2000 	/System/Library/PrivateFrameworks/SignpostNotification.framework/Versions/A/SignpostNotification
0x00007fff5506c000 	/System/Library/Frameworks/Carbon.framework/Versions/A/Frameworks/SpeechRecognition.framework/Versions/A/SpeechRecognition
0x00007fff7b687000 	/usr/lib/libauto.dylib
0x00007fff7d4e9000 	/usr/lib/libxml2.2.dylib
0x00007fff698c6000 	/System/Library/PrivateFrameworks/CoreUI.framework/Versions/A/CoreUI
0x00007fff553e7000 	/System/Library/Frameworks/CoreAudio.framework/Versions/A/CoreAudio
0x00007fff578e1000 	/System/Library/Frameworks/DiskArbitration.framework/Versions/A/DiskArbitration
0x00007fff7c4ff000 	/usr/lib/liblangid.dylib
0x00007fff71371000 	/System/Library/PrivateFrameworks/MultitouchSupport.framework/Versions/A/MultitouchSupport
0x00007fff58184000 	/System/Library/Frameworks/IOKit.framework/Versions/A/IOKit
0x00007fff7b1b5000 	/usr/lib/libDiagnosticMessagesClient.dylib
0x00007fff56abf000 	/System/Library/Frameworks/CoreServices.framework/Versions/A/CoreServices
0x00007fff72ea3000 	/System/Library/PrivateFrameworks/PerformanceAnalysis.framework/Versions/A/PerformanceAnalysis
0x00007fff5fecd000 	/System/Library/Frameworks/OpenGL.framework/Versions/A/OpenGL
0x00007fff551a1000 	/System/Library/Frameworks/ColorSync.framework/Versions/A/ColorSync
0x00007fff563fb000 	/System/Library/Frameworks/CoreImage.framework/Versions/A/CoreImage
0x00007fff5744f000 	/System/Library/Frameworks/CoreText.framework/Versions/A/CoreText
0x00007fff5827f000 	/System/Library/Frameworks/ImageIO.framework/Versions/A/ImageIO
0x00007fff665bd000 	/System/Library/PrivateFrameworks/Backup.framework/Versions/A/Backup
0x00007fff7b5d7000 	/usr/lib/libarchive.2.dylib
0x00007fff548d2000 	/System/Library/Frameworks/CFNetwork.framework/Versions/A/CFNetwork
0x00007fff61f40000 	/System/Library/Frameworks/SystemConfiguration.framework/Versions/A/SystemConfiguration
0x00007fff7b0de000 	/usr/lib/libCRFSuite.dylib
0x00007fff7b760000 	/usr/lib/libc++.1.dylib
0x00007fff7b7b7000 	/usr/lib/libc++abi.dylib
0x00007fff7d6a8000 	/usr/lib/system/libcache.dylib
0x00007fff7d6ad000 	/usr/lib/system/libcommonCrypto.dylib
0x00007fff7d6b8000 	/usr/lib/system/libcompiler_rt.dylib
0x00007fff7d6c0000 	/usr/lib/system/libcopyfile.dylib
0x00007fff7d6ca000 	/usr/lib/system/libcorecrypto.dylib
0x00007fff7d7d7000 	/usr/lib/system/libdispatch.dylib
0x00007fff7d811000 	/usr/lib/system/libdyld.dylib
0x00007fff7d82f000 	/usr/lib/system/libkeymgr.dylib
0x00007fff7d83d000 	/usr/lib/system/liblaunch.dylib
0x00007fff7d83e000 	/usr/lib/system/libmacho.dylib
0x00007fff7d843000 	/usr/lib/system/libquarantine.dylib
0x00007fff7d846000 	/usr/lib/system/libremovefile.dylib
0x00007fff7d848000 	/usr/lib/system/libsystem_asl.dylib
0x00007fff7d860000 	/usr/lib/system/libsystem_blocks.dylib
0x00007fff7d861000 	/usr/lib/system/libsystem_c.dylib
0x00007fff7d8eb000 	/usr/lib/system/libsystem_configuration.dylib
0x00007fff7d8ef000 	/usr/lib/system/libsystem_coreservices.dylib
0x00007fff7d8f3000 	/usr/lib/system/libsystem_darwin.dylib
0x00007fff7d8f5000 	/usr/lib/system/libsystem_dnssd.dylib
0x00007fff7d8fc000 	/usr/lib/system/libsystem_info.dylib
0x00007fff7d96d000 	/usr/lib/system/libsystem_m.dylib
0x00007fff7d9b9000 	/usr/lib/system/libsystem_malloc.dylib
0x00007fff7d9d9000 	/usr/lib/system/libsystem_network.dylib
0x00007fff7db0a000 	/usr/lib/system/libsystem_networkextension.dylib
0x00007fff7db15000 	/usr/lib/system/libsystem_notify.dylib
0x00007fff7db33000 	/usr/lib/system/libsystem_sandbox.dylib
0x00007fff7db37000 	/usr/lib/system/libsystem_secinit.dylib
0x00007fff7d946000 	/usr/lib/system/libsystem_kernel.dylib
0x00007fff7db1f000 	/usr/lib/system/libsystem_platform.dylib
0x00007fff7db27000 	/usr/lib/system/libsystem_pthread.dylib
0x00007fff7db39000 	/usr/lib/system/libsystem_symptoms.dylib
0x00007fff7db41000 	/usr/lib/system/libsystem_trace.dylib
0x00007fff7db56000 	/usr/lib/system/libunwind.dylib
0x00007fff7db5c000 	/usr/lib/system/libxpc.dylib
0x00007fff7aff1000 	/usr/lib/closure/libclosured.dylib
0x00007fff7b741000 	/usr/lib/libbsm.0.dylib
0x00007fff7d830000 	/usr/lib/system/libkxld.dylib
0x00007fff7b3ef000 	/usr/lib/libOpenScriptingUtil.dylib
0x00007fff7bab0000 	/usr/lib/libcoretls.dylib
0x00007fff7bac9000 	/usr/lib/libcoretls_cfhelpers.dylib
0x00007fff7cfe5000 	/usr/lib/libpam.2.dylib
0x00007fff7d10c000 	/usr/lib/libsqlite3.dylib
0x00007fff7d4d8000 	/usr/lib/libxar.1.dylib
0x00007fff7b752000 	/usr/lib/libbz2.1.0.dylib
0x00007fff7c501000 	/usr/lib/liblzma.5.dylib
0x00007fff7c9e2000 	/usr/lib/libnetwork.dylib
0x00007fff7b5c0000 	/usr/lib/libapple_nghttp2.dylib
0x00007fff7cfec000 	/usr/lib/libpcap.A.dylib
0x00007fff7b688000 	/usr/lib/libboringssl.dylib
0x00007fff7d473000 	/usr/lib/libusrtcp.dylib
0x00007fff7b5bf000 	/usr/lib/libapple_crypto.dylib
0x00007fff56e42000 	/System/Library/Frameworks/CoreServices.framework/Versions/A/Frameworks/FSEvents.framework/Versions/A/FSEvents
0x00007fff56b35000 	/System/Library/Frameworks/CoreServices.framework/Versions/A/Frameworks/CarbonCore.framework/Versions/A/CarbonCore
0x00007fff57009000 	/System/Library/Frameworks/CoreServices.framework/Versions/A/Frameworks/Metadata.framework/Versions/A/Metadata
0x00007fff570ba000 	/System/Library/Frameworks/CoreServices.framework/Versions/A/Frameworks/OSServices.framework/Versions/A/OSServices
0x00007fff5711b000 	/System/Library/Frameworks/CoreServices.framework/Versions/A/Frameworks/SearchKit.framework/Versions/A/SearchKit
0x00007fff56ac0000 	/System/Library/Frameworks/CoreServices.framework/Versions/A/Frameworks/AE.framework/Versions/A/AE
0x00007fff56e4b000 	/System/Library/Frameworks/CoreServices.framework/Versions/A/Frameworks/LaunchServices.framework/Versions/A/LaunchServices
0x00007fff56e0d000 	/System/Library/Frameworks/CoreServices.framework/Versions/A/Frameworks/DictionaryServices.framework/Versions/A/DictionaryServices
0x00007fff5718a000 	/System/Library/Frameworks/CoreServices.framework/Versions/A/Frameworks/SharedFileList.framework/Versions/A/SharedFileList
0x00007fff5b349000 	/System/Library/Frameworks/NetFS.framework/Versions/A/NetFS
0x00007fff71602000 	/System/Library/PrivateFrameworks/NetAuth.framework/Versions/A/NetAuth
0x00007fff7ae88000 	/System/Library/PrivateFrameworks/login.framework/Versions/A/Frameworks/loginsupport.framework/Versions/A/loginsupport
0x00007fff7924d000 	/System/Library/PrivateFrameworks/TCC.framework/Versions/A/TCC
0x00007fff7c5e2000 	/usr/lib/libmecabra.dylib
0x00007fff53dd6000 	/System/Library/Frameworks/ApplicationServices.framework/Versions/A/Frameworks/ATS.framework/Versions/A/ATS
0x00007fff54184000 	/System/Library/Frameworks/ApplicationServices.framework/Versions/A/Frameworks/ColorSyncLegacy.framework/Versions/A/ColorSyncLegacy
0x00007fff54228000 	/System/Library/Frameworks/ApplicationServices.framework/Versions/A/Frameworks/HIServices.framework/Versions/A/HIServices
0x00007fff5427b000 	/System/Library/Frameworks/ApplicationServices.framework/Versions/A/Frameworks/LangAnalysis.framework/Versions/A/LangAnalysis
0x00007fff5428a000 	/System/Library/Frameworks/ApplicationServices.framework/Versions/A/Frameworks/PrintCore.framework/Versions/A/PrintCore
0x00007fff542d7000 	/System/Library/Frameworks/ApplicationServices.framework/Versions/A/Frameworks/QD.framework/Versions/A/QD
0x00007fff54312000 	/System/Library/Frameworks/ApplicationServices.framework/Versions/A/Frameworks/SpeechSynthesis.framework/Versions/A/SpeechSynthesis
0x00007fff55862000 	/System/Library/Frameworks/CoreDisplay.framework/Versions/A/CoreDisplay
0x00007fff51ed7000 	/System/Library/Frameworks/Accelerate.framework/Versions/A/Frameworks/vImage.framework/Versions/A/vImage
0x00007fff52c31000 	/System/Library/Frameworks/Accelerate.framework/Versions/A/Frameworks/vecLib.framework/Versions/A/vecLib
0x00007fff529d1000 	/System/Library/Frameworks/Accelerate.framework/Versions/A/Frameworks/vecLib.framework/Versions/A/libvDSP.dylib
0x00007fff52531000 	/System/Library/Frameworks/Accelerate.framework/Versions/A/Frameworks/vecLib.framework/Versions/A/libBNNS.dylib
0x00007fff52936000 	/System/Library/Frameworks/Accelerate.framework/Versions/A/Frameworks/vecLib.framework/Versions/A/libQuadrature.dylib
0x00007fff52b7f000 	/System/Library/Frameworks/Accelerate.framework/Versions/A/Frameworks/vecLib.framework/Versions/A/libvMisc.dylib
0x00007fff52560000 	/System/Library/Frameworks/Accelerate.framework/Versions/A/Frameworks/vecLib.framework/Versions/A/libLAPACK.dylib
0x00007fff523d6000 	/System/Library/Frameworks/Accelerate.framework/Versions/A/Frameworks/vecLib.framework/Versions/A/libBLAS.dylib
0x00007fff52920000 	/System/Library/Frameworks/Accelerate.framework/Versions/A/Frameworks/vecLib.framework/Versions/A/libLinearAlgebra.dylib
0x00007fff5293c000 	/System/Library/Frameworks/Accelerate.framework/Versions/A/Frameworks/vecLib.framework/Versions/A/libSparse.dylib
0x00007fff529bd000 	/System/Library/Frameworks/Accelerate.framework/Versions/A/Frameworks/vecLib.framework/Versions/A/libSparseBLAS.dylib
0x00007fff6e451000 	/System/Library/PrivateFrameworks/GPUWrangler.framework/Versions/A/GPUWrangler
0x00007fff6fbe2000 	/System/Library/PrivateFrameworks/IOAccelerator.framework/Versions/A/IOAccelerator
0x00007fff6fbed000 	/System/Library/PrivateFrameworks/IOPresentment.framework/Versions/A/IOPresentment
0x00007fff69c87000 	/System/Library/PrivateFrameworks/DSExternalDisplay.framework/Versions/A/DSExternalDisplay
0x00007fff5f34c000 	/System/Library/Frameworks/OpenGL.framework/Versions/A/Libraries/libCoreFSCache.dylib
0x00007fff575a0000 	/System/Library/Frameworks/CoreVideo.framework/Versions/A/CoreVideo
0x00007fff6f1cc000 	/System/Library/PrivateFrameworks/GraphVisualizer.framework/Versions/A/GraphVisualizer
0x00007fff5a34a000 	/System/Library/Frameworks/MetalPerformanceShaders.framework/Versions/A/MetalPerformanceShaders
0x00007fff7b1ed000 	/usr/lib/libFosl_dynamic.dylib
0x00007fff6ad5b000 	/System/Library/PrivateFrameworks/FaceCore.framework/Versions/A/FaceCore
0x00007fff5e147000 	/System/Library/Frameworks/OpenCL.framework/Versions/A/OpenCL
0x00007fff7b7ee000 	/usr/lib/libcompression.dylib
0x00007fff53ed5000 	/System/Library/Frameworks/ApplicationServices.framework/Versions/A/Frameworks/ATS.framework/Versions/A/Resources/libFontParser.dylib
0x00007fff53ff8000 	/System/Library/Frameworks/ApplicationServices.framework/Versions/A/Frameworks/ATS.framework/Versions/A/Resources/libFontRegistry.dylib
0x00007fff584e7000 	/System/Library/Frameworks/ImageIO.framework/Versions/A/Resources/libJPEG.dylib
0x00007fff58810000 	/System/Library/Frameworks/ImageIO.framework/Versions/A/Resources/libTIFF.dylib
0x00007fff587e6000 	/System/Library/Frameworks/ImageIO.framework/Versions/A/Resources/libPng.dylib
0x00007fff583fa000 	/System/Library/Frameworks/ImageIO.framework/Versions/A/Resources/libGIF.dylib
0x00007fff583ff000 	/System/Library/Frameworks/ImageIO.framework/Versions/A/Resources/libJP2.dylib
0x00007fff5880d000 	/System/Library/Frameworks/ImageIO.framework/Versions/A/Resources/libRadiance.dylib
0x00007fff65ce8000 	/System/Library/PrivateFrameworks/AppleJPEG.framework/Versions/A/AppleJPEG
0x00007fff5a1b1000 	/System/Library/Frameworks/MetalPerformanceShaders.framework/Frameworks/MPSCore.framework/Versions/A/MPSCore
0x00007fff5a1cd000 	/System/Library/Frameworks/MetalPerformanceShaders.framework/Frameworks/MPSImage.framework/Versions/A/MPSImage
0x00007fff5a262000 	/System/Library/Frameworks/MetalPerformanceShaders.framework/Frameworks/MPSNeuralNetwork.framework/Versions/A/MPSNeuralNetwork
0x00007fff5a23d000 	/System/Library/Frameworks/MetalPerformanceShaders.framework/Frameworks/MPSMatrix.framework/Versions/A/MPSMatrix
0x00007fff710e3000 	/System/Library/PrivateFrameworks/MetalTools.framework/Versions/A/MetalTools
0x00007fff5f517000 	/System/Library/Frameworks/OpenGL.framework/Versions/A/Libraries/libGLU.dylib
0x00007fff5f357000 	/System/Library/Frameworks/OpenGL.framework/Versions/A/Libraries/libGFXShared.dylib
0x00007fff5f361000 	/System/Library/Frameworks/OpenGL.framework/Versions/A/Libraries/libGL.dylib
0x00007fff5f36d000 	/System/Library/Frameworks/OpenGL.framework/Versions/A/Libraries/libGLImage.dylib
0x00007fff5f349000 	/System/Library/Frameworks/OpenGL.framework/Versions/A/Libraries/libCVMSPluginSupport.dylib
0x00007fff5f352000 	/System/Library/Frameworks/OpenGL.framework/Versions/A/Libraries/libCoreVMClient.dylib
0x00007fff7bf9b000 	/usr/lib/libcups.2.dylib
0x00007fff59718000 	/System/Library/Frameworks/Kerberos.framework/Versions/A/Kerberos
0x00007fff57ede000 	/System/Library/Frameworks/GSS.framework/Versions/A/GSS
0x00007fff7d09f000 	/usr/lib/libresolv.9.dylib
0x00007fff7c199000 	/usr/lib/libiconv.2.dylib
0x00007fff6f25e000 	/System/Library/PrivateFrameworks/Heimdal.framework/Versions/A/Heimdal
0x00007fff7c168000 	/usr/lib/libheimdal-asn1.dylib
0x00007fff5e1bf000 	/System/Library/Frameworks/OpenDirectory.framework/Versions/A/OpenDirectory
0x00007fff67ffe000 	/System/Library/PrivateFrameworks/CommonAuth.framework/Versions/A/CommonAuth
0x00007fff5e1a2000 	/System/Library/Frameworks/OpenDirectory.framework/Versions/A/Frameworks/CFOpenDirectory.framework/Versions/A/CFOpenDirectory
0x00007fff61ad9000 	/System/Library/Frameworks/SecurityFoundation.framework/Versions/A/SecurityFoundation
0x00007fff64ead000 	/System/Library/PrivateFrameworks/APFS.framework/Versions/A/APFS
0x00007fff7d4d4000 	/usr/lib/libutil.dylib
0x00007fff65d6b000 	/System/Library/PrivateFrameworks/AppleSauce.framework/Versions/A/AppleSauce
0x00007fff703ca000 	/System/Library/PrivateFrameworks/LinguisticData.framework/Versions/A/LinguisticData
0x00007fff7c51b000 	/usr/lib/libmarisa.dylib
0x00007fff70384000 	/System/Library/PrivateFrameworks/Lexicon.framework/Versions/A/Lexicon
0x00007fff7b118000 	/usr/lib/libChineseTokenizer.dylib
0x00007fff7b7dd000 	/usr/lib/libcmph.dylib
0x00007fff7028e000 	/System/Library/PrivateFrameworks/LanguageModeling.framework/Versions/A/LanguageModeling
0x00007fff68b0d000 	/System/Library/PrivateFrameworks/CoreEmoji.framework/Versions/A/CoreEmoji
0x00007fff61b97000 	/System/Library/Frameworks/ServiceManagement.framework/Versions/A/ServiceManagement
0x00007fff665b5000 	/System/Library/PrivateFrameworks/BackgroundTaskManagement.framework/Versions/A/BackgroundTaskManagement
0x00007fff7d5d1000 	/usr/lib/libxslt.1.dylib
0x00007fff54f96000 	/System/Library/Frameworks/Carbon.framework/Versions/A/Frameworks/Ink.framework/Versions/A/Ink
0x00007fff79462000 	/System/Library/PrivateFrameworks/TextureIO.framework/Versions/A/TextureIO
0x00007fff7b602000 	/usr/lib/libate.dylib
0x00007fff69be7000 	/System/Library/PrivateFrameworks/CrashReporterSupport.framework/Versions/A/CrashReporterSupport
0x00007fff767b2000 	/System/Library/PrivateFrameworks/Sharing.framework/Versions/A/Sharing
0x00007fff6ffcf000 	/System/Library/PrivateFrameworks/IconServices.framework/Versions/A/IconServices
0x00007fff661e5000 	/System/Library/PrivateFrameworks/AuthKit.framework/Versions/A/AuthKit
0x00007fff65b6b000 	/System/Library/PrivateFrameworks/Apple80211.framework/Versions/A/Apple80211
0x00007fff699fc000 	/System/Library/PrivateFrameworks/CoreUtils.framework/Versions/A/CoreUtils
0x00007fff575db000 	/System/Library/Frameworks/CoreWLAN.framework/Versions/A/CoreWLAN
0x00007fff58020000 	/System/Library/Frameworks/IOBluetooth.framework/Versions/A/IOBluetooth
0x00007fff74c72000 	/System/Library/PrivateFrameworks/ProtocolBuffer.framework/Versions/A/ProtocolBuffer
0x00007fff712cc000 	/System/Library/PrivateFrameworks/MobileKeyBag.framework/Versions/A/MobileKeyBag
0x00007fff692b1000 	/System/Library/PrivateFrameworks/CorePhoneNumbers.framework/Versions/A/CorePhoneNumbers
0x00007fff65ca3000 	/System/Library/PrivateFrameworks/AppleIDAuthSupport.framework/Versions/A/AppleIDAuthSupport
0x00007fff7027a000 	/System/Library/PrivateFrameworks/KeychainCircle.framework/Versions/A/KeychainCircle
0x00007fff69b82000 	/System/Library/PrivateFrameworks/CoreWiFi.framework/Versions/A/CoreWiFi
0x00007fff554e1000 	/System/Library/Frameworks/CoreBluetooth.framework/Versions/A/CoreBluetooth
0x00007fff69dd1000 	/System/Library/PrivateFrameworks/DebugSymbols.framework/Versions/A/DebugSymbols
0x00007fff697b2000 	/System/Library/PrivateFrameworks/CoreSymbolication.framework/Versions/A/CoreSymbolication
0x00007fff78c53000 	/System/Library/PrivateFrameworks/Symbolication.framework/Versions/A/Symbolication
0x00007fff65b95000 	/System/Library/PrivateFrameworks/AppleFSCompression.framework/Versions/A/AppleFSCompression
0x00007fff780a0000 	/System/Library/PrivateFrameworks/SpeechRecognitionCore.framework/Versions/A/SpeechRecognitionCore
0x0000000101000000 	/Library/Java/JavaVirtualMachines/jdk1.8.0_181.jdk/Contents/Home/jre/lib/server/libjvm.dylib
0x00007fff7d3a1000 	/usr/lib/libstdc++.6.0.9.dylib
0x0000000100633000 	/Library/Java/JavaVirtualMachines/jdk1.8.0_181.jdk/Contents/Home/jre/lib/libverify.dylib
0x0000000100641000 	/Library/Java/JavaVirtualMachines/jdk1.8.0_181.jdk/Contents/Home/jre/lib/libjava.dylib
0x00000001006c1000 	/Library/Java/JavaVirtualMachines/jdk1.8.0_181.jdk/Contents/Home/jre/lib/libzip.dylib
0x0000000108981000 	/Library/Java/JavaVirtualMachines/jdk1.8.0_181.jdk/Contents/Home/jre/lib/libnet.dylib
0x0000000119c73000 	/Library/Java/JavaVirtualMachines/jdk1.8.0_181.jdk/Contents/Home/jre/lib/libawt.dylib
0x0000000119d1d000 	/Library/Java/JavaVirtualMachines/jdk1.8.0_181.jdk/Contents/Home/jre/lib/./libmlib_image.dylib
0x00007fff59701000 	/System/Library/Frameworks/JavaVM.framework/Versions/A/Frameworks/JavaNativeFoundation.framework/Versions/A/JavaNativeFoundation
0x00007fff5970a000 	/System/Library/Frameworks/JavaVM.framework/Versions/A/Frameworks/JavaRuntimeSupport.framework/Versions/A/JavaRuntimeSupport
0x00007fff59713000 	/System/Library/Frameworks/JavaVM.framework/Versions/A/JavaVM
0x00007fff70190000 	/System/Library/PrivateFrameworks/JavaLaunching.framework/Versions/A/JavaLaunching
0x00007fff54c81000 	/System/Library/Frameworks/Carbon.framework/Versions/A/Carbon
0x00007fff54c82000 	/System/Library/Frameworks/Carbon.framework/Versions/A/Frameworks/CommonPanels.framework/Versions/A/CommonPanels
0x00007fff54f8c000 	/System/Library/Frameworks/Carbon.framework/Versions/A/Frameworks/Help.framework/Versions/A/Help
0x00007fff54f90000 	/System/Library/Frameworks/Carbon.framework/Versions/A/Frameworks/ImageCapture.framework/Versions/A/ImageCapture
0x00007fff5502c000 	/System/Library/Frameworks/Carbon.framework/Versions/A/Frameworks/OpenScripting.framework/Versions/A/OpenScripting
0x00007fff55067000 	/System/Library/Frameworks/Carbon.framework/Versions/A/Frameworks/Print.framework/Versions/A/Print
0x00007fff55069000 	/System/Library/Frameworks/Carbon.framework/Versions/A/Frameworks/SecurityHI.framework/Versions/A/SecurityHI
0x0000000119de9000 	/Library/Java/JavaVirtualMachines/jdk1.8.0_181.jdk/Contents/Home/jre/lib/libawt_lwawt.dylib
0x0000000108ab6000 	/Library/Java/JavaVirtualMachines/jdk1.8.0_181.jdk/Contents/Home/jre/lib/./libosxapp.dylib
0x00007fff57a80000 	/System/Library/Frameworks/ExceptionHandling.framework/Versions/A/ExceptionHandling
0x00007fff69444000 	/System/Library/PrivateFrameworks/CoreServicesInternal.framework/Versions/A/CoreServicesInternal
0x00007fff4defd000 	/System/Library/CoreServices/RawCamera.bundle/Contents/MacOS/RawCamera
0x00007fff71155000 	/System/Library/PrivateFrameworks/MobileAsset.framework/Versions/A/MobileAsset
0x00007fff7855a000 	/System/Library/PrivateFrameworks/StreamingZip.framework/Versions/A/StreamingZip
0x00007fff59aa7000 	/System/Library/Frameworks/MediaToolbox.framework/Versions/A/MediaToolbox
0x00007fff6874c000 	/System/Library/PrivateFrameworks/CoreAVCHD.framework/Versions/A/CoreAVCHD
0x00007fff599f0000 	/System/Library/Frameworks/MediaAccessibility.framework/Versions/A/MediaAccessibility
0x00007fff70bd0000 	/System/Library/PrivateFrameworks/Mangrove.framework/Versions/A/Mangrove
0x00007fff56979000 	/System/Library/Frameworks/CoreMedia.framework/Versions/A/CoreMedia
0x00007fff62165000 	/System/Library/Frameworks/VideoToolbox.framework/Versions/A/VideoToolbox
0x00007fff68343000 	/System/Library/PrivateFrameworks/CoreAUC.framework/Versions/A/CoreAUC
0x00007fff7d10a000 	/usr/lib/libspindump.dylib
0x00007fff65e60000 	/System/Library/PrivateFrameworks/AppleVA.framework/Versions/A/AppleVA
0x00007fff51ec0000 	/System/Library/Frameworks/Accelerate.framework/Versions/A/Frameworks/vImage.framework/Versions/A/Libraries/libCGInterfaces.dylib
0x00007fff540e7000 	/System/Library/Frameworks/ApplicationServices.framework/Versions/A/Frameworks/ATS.framework/Versions/A/Resources/libTrueTypeScaler.dylib
0x00007fff4f582000 	/System/Library/Extensions/AppleIntelBDWGraphicsMTLDriver.bundle/Contents/MacOS/AppleIntelBDWGraphicsMTLDriver
0x00007fff6cde5000 	/System/Library/PrivateFrameworks/GPUCompiler.framework/Versions/3802/Libraries/libmetal_timestamp.dylib
0x00007fff6b193000 	/System/Library/PrivateFrameworks/FamilyControls.framework/Versions/A/FamilyControls
0x00007fff67ff1000 	/System/Library/PrivateFrameworks/CommerceKit.framework/Versions/A/Frameworks/CommerceCore.framework/Versions/A/CommerceCore
0x00007fff78fa2000 	/System/Library/PrivateFrameworks/SystemAdministration.framework/Versions/A/SystemAdministration
0x00007fff65b1e000 	/System/Library/PrivateFrameworks/AppContainer.framework/Versions/A/AppContainer
0x00007fff7666a000 	/System/Library/PrivateFrameworks/SecCodeWrapper.framework/Versions/A/SecCodeWrapper
0x00007fff6a11f000 	/System/Library/PrivateFrameworks/DiskManagement.framework/Versions/A/DiskManagement
0x00007fff577f4000 	/System/Library/Frameworks/DirectoryService.framework/Versions/A/DirectoryService
0x00007fff6a04c000 	/System/Library/PrivateFrameworks/DiskImages.framework/Versions/A/DiskImages
0x00007fff704c1000 	/System/Library/PrivateFrameworks/LoginUIKit.framework/Versions/A/Frameworks/LoginUICore.framework/Versions/A/LoginUICore
0x00007fff7b124000 	/usr/lib/libCoreStorage.dylib
0x00007fff7bf8f000 	/usr/lib/libcsfde.dylib
0x00007fff7cfd3000 	/usr/lib/libodfde.dylib
0x00007fff70cef000 	/System/Library/PrivateFrameworks/MediaKit.framework/Versions/A/MediaKit
0x00007fff57800000 	/System/Library/Frameworks/DiscRecording.framework/Versions/A/DiscRecording
0x00007fff6a29b000 	/System/Library/PrivateFrameworks/EFILogin.framework/Versions/A/EFILogin
0x00007fff74c1a000 	/System/Library/PrivateFrameworks/ProtectedCloudStorage.framework/Versions/A/ProtectedCloudStorage
0x00007fff7c01c000 	/usr/lib/libcurl.4.dylib
0x00007fff7bc63000 	/usr/lib/libcrypto.35.dylib
0x00007fff7d2fb000 	/usr/lib/libssl.35.dylib
0x00007fff59732000 	/System/Library/Frameworks/LDAP.framework/Versions/A/LDAP
0x00007fff795c9000 	/System/Library/PrivateFrameworks/TrustEvaluationAgent.framework/Versions/A/TrustEvaluationAgent
0x00007fff7d0f7000 	/usr/lib/libsasl2.2.dylib
0x00007fff68996000 	/System/Library/PrivateFrameworks/CoreDaemon.framework/Versions/B/CoreDaemon
0x00007fff65d62000 	/System/Library/PrivateFrameworks/AppleSRP.framework/Versions/A/AppleSRP
0x000000011c39b000 	/Library/Java/JavaVirtualMachines/jdk1.8.0_181.jdk/Contents/Home/jre/lib/libfontmanager.dylib
0x0000000108cde000 	/Library/Java/JavaVirtualMachines/jdk1.8.0_181.jdk/Contents/Home/jre/lib/libosxui.dylib
0x00007fff5fedd000 	/System/Library/Frameworks/OpenGL.framework/Versions/A/Resources/GLEngine.bundle/GLEngine
0x00007fff5f3a9000 	/System/Library/Frameworks/OpenGL.framework/Versions/A/Libraries/libGLProgrammability.dylib
0x000000011d1b5000 	/System/Library/Extensions/AppleIntelBDWGraphicsGLDriver.bundle/Contents/MacOS/AppleIntelBDWGraphicsGLDriver
0x00007fff6e445000 	/System/Library/PrivateFrameworks/GPUSupport.framework/Versions/A/Libraries/libGPUSupportMercury.dylib
0x00007fff60075000 	/System/Library/Frameworks/OpenGL.framework/Versions/A/Resources/GLRendererFloat.bundle/GLRendererFloat
0x00007fff5e13e000 	/System/Library/Frameworks/OpenCL.framework/Versions/A/Libraries/libcldcpuengine.dylib
0x00007fff7a454000 	/System/Library/PrivateFrameworks/ViewBridge.framework/Versions/A/ViewBridge
0x000000011a4ff000 	/Library/Java/JavaVirtualMachines/jdk1.8.0_181.jdk/Contents/Home/jre/lib/libnio.dylib
0x000000018b2a7000 	/Library/Java/JavaVirtualMachines/jdk1.8.0_181.jdk/Contents/Home/jre/lib/libdcpr.dylib

VM Arguments:
jvm_args: -ea -Dfile.encoding=UTF-8 
java_command: org.eclipse.jdt.internal.junit.runner.RemoteTestRunner -version 3 -port 62964 -testLoaderClass org.eclipse.jdt.internal.junit5.runner.JUnit5TestLoader -loaderpluginname org.eclipse.jdt.junit5.runtime -classNames spath.testing.TestShortestPath
java_class_path (initial): /Users/yangfolder/git/cse247-f18-students-wuyang/bin:/Users/yangfolder/git/cse247-f18-students-wuyang/jars/collections-generic-4.01.jar:/Users/yangfolder/git/cse247-f18-students-wuyang/jars/javacsv.jar:/Users/yangfolder/git/cse247-f18-students-wuyang/jars/jung-api-2.0.1.jar:/Users/yangfolder/git/cse247-f18-students-wuyang/jars/jung-algorithms-2.0.1.jar:/Users/yangfolder/git/cse247-f18-students-wuyang/jars/jung-graph-impl-2.0.1.jar:/Users/yangfolder/git/cse247-f18-students-wuyang/jars/jung-visualization-2.0.1.jar:/Users/yangfolder/.p2/pool/plugins/org.junit.jupiter.api_5.1.0.v20180327-1502.jar:/Users/yangfolder/.p2/pool/plugins/org.junit.jupiter.engine_5.1.0.v20180327-1502.jar:/Users/yangfolder/.p2/pool/plugins/org.junit.jupiter.migrationsupport_5.1.0.v20180327-1502.jar:/Users/yangfolder/.p2/pool/plugins/org.junit.jupiter.params_5.1.0.v20180327-1502.jar:/Users/yangfolder/.p2/pool/plugins/org.junit.platform.commons_1.1.0.v20180327-1502.jar:/Users/yangfolder/.p2/pool/plugins/org.junit.platform.engine_1.1.0.v20180327-1502.jar:/Users/yangfolder/.p2/pool/plugins/org.junit.platform.launcher_1.1.0.v20180327-1502.jar:/Users/yangfolder/.p2/pool/plugins/org.junit.platform.runner_1.1.0.v20180327-1502.jar:/Users/yangfolder/.p2/pool/plugins/org.junit.platform.suite.api_1.1.0.v20180327-1502.jar:/Users/yangfolder/.p2/pool/plugins/org.junit.vintage.engine_5.1.0.v20180327-1502.jar:/Users/yangfolder/.p2/pool/plugins/org.opentest4j_1.0.0.v20180327-1502.jar:/Users/yangfolder/.p2/pool/plugins/org.apiguardian_1.0.0.v20180327-1502.jar:/Users/yangfolder/.p2/pool/plugins/org.junit_4.12.0.v201504281640/junit.jar:/Users/yangfolder/.p2/pool/plugins/org.hamcrest.core_1.3.0.v20180420-1519.jar:/Users/yangfolder/Applications/eclipse/Eclipse.app/Contents/Eclipse/configuration/org.eclipse.osgi/230/0/.cp:/Users/yangfolder/Applications/eclipse/Eclipse.app/Contents/Eclipse/configuration/org.eclipse.osgi/228/0/.cp
Launcher Type: SUN_STANDARD

Environment Variables:
PATH=/usr/bin:/bin:/usr/sbin:/sbin
SHELL=/bin/bash

Signal Handlers:
SIGSEGV: [libjvm.dylib+0x5b6029], sa_mask[0]=11111111011111110111111111111111, sa_flags=SA_ONSTACK|SA_RESTART|SA_SIGINFO
SIGBUS: [libjvm.dylib+0x5b6029], sa_mask[0]=11111111011111110111111111111111, sa_flags=SA_RESTART|SA_SIGINFO
SIGFPE: [libjvm.dylib+0x48b934], sa_mask[0]=11111111011111110111111111111111, sa_flags=SA_RESTART|SA_SIGINFO
SIGPIPE: [libjvm.dylib+0x48b934], sa_mask[0]=11111111011111110111111111111111, sa_flags=SA_RESTART|SA_SIGINFO
SIGXFSZ: [libjvm.dylib+0x48b934], sa_mask[0]=11111111011111110111111111111111, sa_flags=SA_RESTART|SA_SIGINFO
SIGILL: [libjvm.dylib+0x48b934], sa_mask[0]=11111111011111110111111111111111, sa_flags=SA_RESTART|SA_SIGINFO
SIGUSR1: SIG_DFL, sa_mask[0]=00000000000000000000000000000000, sa_flags=none
SIGUSR2: [libjvm.dylib+0x48b452], sa_mask[0]=00100000000000000000000000000000, sa_flags=SA_RESTART|SA_SIGINFO
SIGHUP: [libjvm.dylib+0x489a1d], sa_mask[0]=11111111011111110111111111111111, sa_flags=SA_RESTART|SA_SIGINFO
SIGINT: [libjvm.dylib+0x489a1d], sa_mask[0]=11111111011111110111111111111111, sa_flags=SA_RESTART|SA_SIGINFO
SIGTERM: [libjvm.dylib+0x489a1d], sa_mask[0]=11111111011111110111111111111111, sa_flags=SA_RESTART|SA_SIGINFO
SIGQUIT: [libjvm.dylib+0x489a1d], sa_mask[0]=11111111011111110111111111111111, sa_flags=SA_RESTART|SA_SIGINFO


---------------  S Y S T E M  ---------------

OS:Bsduname:Darwin 17.7.0 Darwin Kernel Version 17.7.0: Thu Jun 21 22:53:14 PDT 2018; root:xnu-4570.71.2~1/RELEASE_X86_64 x86_64
rlimit: STACK 8192k, CORE 0k, NPROC 709, NOFILE 10240, AS infinity
load average:2.53 2.33 2.19

CPU:total 4 (initial active 4) (2 cores per cpu, 2 threads per core) family 6 model 61 stepping 4, cmov, cx8, fxsr, mmx, sse, sse2, sse3, ssse3, sse4.1, sse4.2, popcnt, avx, avx2, aes, clmul, erms, 3dnowpref, lzcnt, ht, tsc, tscinvbit, bmi1, bmi2, adx

Memory: 4k page, physical 8388608k(77952k free)

/proc/meminfo:


vm_info: Java HotSpot(TM) 64-Bit Server VM (25.181-b13) for bsd-amd64 JRE (1.8.0_181-b13), built on Jul  7 2018 01:02:31 by "java_re" with gcc 4.2.1 (Based on Apple Inc. build 5658) (LLVM build 2336.11.00)

time: Sat Dec  1 09:46:34 2018
elapsed time: 5961 seconds (0d 1h 39m 21s)

